Flutter crash report.
Please report a bug at https://github.com/flutter/flutter/issues.

## command

flutter run

## exception

FileSystemException: FileSystemException: Exists failed, path = 'C:\Users\riyas\petdy\petdyworld\images\
- images' (OS Error: The filename, directory name, or volume label syntax is incorrect.
, errno = 123)

```
#0      _Directory.existsSync (dart:io/directory_impl.dart:92:7)
#1      ForwardingFileSystemEntity.existsSync (package:file/src/forwarding/forwarding_file_system_entity.dart:43:33)
#2      ErrorHandlingDirectory.existsSync.<anonymous closure> (package:flutter_tools/src/base/error_handling_io.dart:492:22)
#3      _runSync (package:flutter_tools/src/base/error_handling_io.dart:590:14)
#4      ErrorHandlingDirectory.existsSync (package:flutter_tools/src/base/error_handling_io.dart:491:12)
#5      _AssetDirectoryCache.variantsFor (package:flutter_tools/src/asset.dart:1111:43)
#6      ManifestAssetBundle._parseAssetFromFile (package:flutter_tools/src/asset.dart:944:37)
#7      ManifestAssetBundle._parseAssets (package:flutter_tools/src/asset.dart:821:9)
#8      ManifestAssetBundle.build (package:flutter_tools/src/asset.dart:265:54)
<asynchronous suspension>
#9      HotRunner._updateDevFS (package:flutter_tools/src/run_hot.dart:479:26)
<asynchronous suspension>
#10     HotRunner._reloadSources (package:flutter_tools/src/run_hot.dart:940:21)
<asynchronous suspension>
#11     HotRunner._hotReloadHelper (package:flutter_tools/src/run_hot.dart:868:16)
<asynchronous suspension>
#12     HotRunner.restart (package:flutter_tools/src/run_hot.dart:765:36)
<asynchronous suspension>
#13     TerminalHandler._commonTerminalInputHandler (package:flutter_tools/src/resident_runner.dart:1777:40)
<asynchronous suspension>
#14     TerminalHandler.processTerminalInput (package:flutter_tools/src/resident_runner.dart:1830:7)
<asynchronous suspension>
```

## flutter doctor

```
[32m[✓][39m Flutter (Channel stable, 3.16.0, on Microsoft Windows [Version 10.0.22631.3593], locale th-TH)
    [32m•[39m Flutter version 3.16.0 on channel stable at C:\src\flutter_windows_3.16.0-stable\flutter
    [32m•[39m Upstream repository https://github.com/flutter/flutter.git
    [32m•[39m Framework revision db7ef5bf9f (7 months ago), 2023-11-15 11:25:44 -0800
    [32m•[39m Engine revision 74d16627b9
    [32m•[39m Dart version 3.2.0
    [32m•[39m DevTools version 2.28.2

[32m[✓][39m Windows Version (Installed version of Windows is version 10 or higher)

[32m[✓][39m Android toolchain - develop for Android devices (Android SDK version 34.0.0)
    [32m•[39m Android SDK at C:\Users\riyas\AppData\Local\Android\Sdk
    [32m•[39m Platform android-UpsideDownCakePrivacySandbox, build-tools 34.0.0
    [32m•[39m ANDROID_SDK_ROOT = C:\Program Files\Android\Android Studio
    [32m•[39m Java binary at: C:\Program Files\Android\Android Studio\jbr\bin\java
    [32m•[39m Java version OpenJDK Runtime Environment (build 17.0.7+0-b2043.56-10550314)
    [32m•[39m All Android licenses accepted.

[32m[✓][39m Chrome - develop for the web
    [32m•[39m Chrome at C:\Program Files\Google\Chrome\Application\chrome.exe

[32m[✓][39m Visual Studio - develop Windows apps (Visual Studio Community 2022 17.8.3)
    [32m•[39m Visual Studio at C:\Program Files\Microsoft Visual Studio\2022\Community
    [32m•[39m Visual Studio Community 2022 version 17.8.34330.188
    [32m•[39m Windows 10 SDK version 10.0.22621.0

[32m[✓][39m Android Studio (version 2023.1)
    [32m•[39m Android Studio at C:\Program Files\Android\Android Studio
    [32m•[39m Flutter plugin can be installed from:
      🔨 https://plugins.jetbrains.com/plugin/9212-flutter
    [32m•[39m Dart plugin can be installed from:
      🔨 https://plugins.jetbrains.com/plugin/6351-dart
    [32m•[39m Java version OpenJDK Runtime Environment (build 17.0.7+0-b2043.56-10550314)

[32m[✓][39m VS Code (version 1.89.1)
    [32m•[39m VS Code at C:\Users\riyas\AppData\Local\Programs\Microsoft VS Code
    [32m•[39m Flutter extension version 3.90.0

[32m[✓][39m Connected device (4 available)
    [32m•[39m sdk gphone x86 (mobile) • emulator-5554 • android-x86    • Android 11 (API 30) (emulator)
    [32m•[39m Windows (desktop)       • windows       • windows-x64    • Microsoft Windows [Version 10.0.22631.3593]
    [32m•[39m Chrome (web)            • chrome        • web-javascript • Google Chrome 125.0.6422.113
    [32m•[39m Edge (web)              • edge          • web-javascript • Microsoft Edge 125.0.2535.67

[32m[✓][39m Network resources
    [32m•[39m All expected network resources are available.

[32m•[39m No issues found!
```
